[0.139s] DEBUG:colcon:Command line arguments: ['/usr/bin/colcon', 'build', '--symlink-install', '--packages-select', 'ros1_bridge', '--cmake-force-configure']
[0.139s] DEBUG:colcon:Parsed command line arguments: Namespace(ament_cmake_args=None, base_paths=['.'], build_base='build', catkin_cmake_args=None, catkin_skip_building_tests=False, cmake_args=None, cmake_clean_cache=False, cmake_clean_first=False, cmake_force_configure=True, cmake_target=None, cmake_target_skip_unavailable=False, continue_on_error=False, event_handlers=None, executor='parallel', ignore_user_meta=False, install_base='install', log_base=None, log_level=None, main=<bound method BuildVerb.main of <colcon_core.verb.build.BuildVerb object at 0x7fa6255f99d0>>, merge_install=False, metas=['./colcon.meta'], packages_above=None, packages_above_and_dependencies=None, packages_above_depth=None, packages_end=None, packages_ignore=None, packages_ignore_regex=None, packages_select=['ros1_bridge'], packages_select_build_failed=False, packages_select_by_dep=None, packages_select_regex=None, packages_select_test_failures=False, packages_skip=None, packages_skip_build_finished=False, packages_skip_by_dep=None, packages_skip_regex=None, packages_skip_test_passed=False, packages_skip_up_to=None, packages_start=None, packages_up_to=None, packages_up_to_regex=None, parallel_workers=48, paths=None, symlink_install=True, test_result_base=None, verb_extension=<colcon_core.verb.build.BuildVerb object at 0x7fa6255f99d0>, verb_name='build', verb_parser=<colcon_defaults.argument_parser.defaults.DefaultArgumentsDecorator object at 0x7fa6255f9eb0>)
[0.143s] Level 1:colcon.colcon_core.package_discovery:discover_packages(colcon_meta) check parameters
[0.143s] Level 1:colcon.colcon_core.package_discovery:discover_packages(recursive) check parameters
[0.143s] Level 1:colcon.colcon_core.package_discovery:discover_packages(ignore) check parameters
[0.143s] Level 1:colcon.colcon_core.package_discovery:discover_packages(path) check parameters
[0.143s] Level 1:colcon.colcon_core.package_discovery:discover_packages(colcon_meta) discover
[0.143s] Level 1:colcon.colcon_core.package_discovery:discover_packages(recursive) discover
[0.144s] INFO:colcon.colcon_core.package_discovery:Crawling recursively for packages in '/home/simulations/ros2_sims_ws'
[0.144s] Level 1:colcon.colcon_core.package_identification:_identify(.) by extensions ['ignore', 'ignore_ament_install']
[0.144s] Level 1:colcon.colcon_core.package_identification:_identify(.) by extension 'ignore'
[0.144s] Level 1:colcon.colcon_core.package_identification:_identify(.) by extension 'ignore_ament_install'
[0.144s] Level 1:colcon.colcon_core.package_identification:_identify(.) by extensions ['colcon_pkg']
[0.144s] Level 1:colcon.colcon_core.package_identification:_identify(.) by extension 'colcon_pkg'
[0.144s] Level 1:colcon.colcon_core.package_identification:_identify(.) by extensions ['colcon_meta']
[0.144s] Level 1:colcon.colcon_core.package_identification:_identify(.) by extension 'colcon_meta'
[0.144s] Level 1:colcon.colcon_core.package_identification:_identify(.) by extensions ['ros']
[0.144s] Level 1:colcon.colcon_core.package_identification:_identify(.) by extension 'ros'
[0.154s] Level 1:colcon.colcon_core.package_identification:_identify(.) by extensions ['cmake', 'python']
[0.154s] Level 1:colcon.colcon_core.package_identification:_identify(.) by extension 'cmake'
[0.154s] Level 1:colcon.colcon_core.package_identification:_identify(.) by extension 'python'
[0.154s] Level 1:colcon.colcon_core.package_identification:_identify(.) by extensions ['python_setup_py']
[0.154s] Level 1:colcon.colcon_core.package_identification:_identify(.) by extension 'python_setup_py'
[0.154s] Level 1:colcon.colcon_core.package_identification:_identify(build) by extensions ['ignore', 'ignore_ament_install']
[0.154s] Level 1:colcon.colcon_core.package_identification:_identify(build) by extension 'ignore'
[0.154s] Level 1:colcon.colcon_core.package_identification:_identify(build) ignored
[0.155s] Level 1:colcon.colcon_core.package_identification:_identify(install) by extensions ['ignore', 'ignore_ament_install']
[0.155s] Level 1:colcon.colcon_core.package_identification:_identify(install) by extension 'ignore'
[0.155s] Level 1:colcon.colcon_core.package_identification:_identify(install) ignored
[0.155s] Level 1:colcon.colcon_core.package_identification:_identify(log) by extensions ['ignore', 'ignore_ament_install']
[0.155s] Level 1:colcon.colcon_core.package_identification:_identify(log) by extension 'ignore'
[0.155s] Level 1:colcon.colcon_core.package_identification:_identify(log) ignored
[0.155s] Level 1:colcon.colcon_core.package_identification:_identify(src) by extensions ['ignore', 'ignore_ament_install']
[0.155s] Level 1:colcon.colcon_core.package_identification:_identify(src) by extension 'ignore'
[0.155s] Level 1:colcon.colcon_core.package_identification:_identify(src) by extension 'ignore_ament_install'
[0.155s] Level 1:colcon.colcon_core.package_identification:_identify(src) by extensions ['colcon_pkg']
[0.155s] Level 1:colcon.colcon_core.package_identification:_identify(src) by extension 'colcon_pkg'
[0.155s] Level 1:colcon.colcon_core.package_identification:_identify(src) by extensions ['colcon_meta']
[0.155s] Level 1:colcon.colcon_core.package_identification:_identify(src) by extension 'colcon_meta'
[0.155s] Level 1:colcon.colcon_core.package_identification:_identify(src) by extensions ['ros']
[0.155s] Level 1:colcon.colcon_core.package_identification:_identify(src) by extension 'ros'
[0.155s] Level 1:colcon.colcon_core.package_identification:_identify(src) by extensions ['cmake', 'python']
[0.155s] Level 1:colcon.colcon_core.package_identification:_identify(src) by extension 'cmake'
[0.155s] Level 1:colcon.colcon_core.package_identification:_identify(src) by extension 'python'
[0.155s] Level 1:colcon.colcon_core.package_identification:_identify(src) by extensions ['python_setup_py']
[0.155s] Level 1:colcon.colcon_core.package_identification:_identify(src) by extension 'python_setup_py'
[0.155s] Level 1:colcon.colcon_core.package_identification:_identify(src/ros1_bridge) by extensions ['ignore', 'ignore_ament_install']
[0.156s] Level 1:colcon.colcon_core.package_identification:_identify(src/ros1_bridge) by extension 'ignore'
[0.156s] Level 1:colcon.colcon_core.package_identification:_identify(src/ros1_bridge) by extension 'ignore_ament_install'
[0.156s] Level 1:colcon.colcon_core.package_identification:_identify(src/ros1_bridge) by extensions ['colcon_pkg']
[0.156s] Level 1:colcon.colcon_core.package_identification:_identify(src/ros1_bridge) by extension 'colcon_pkg'
[0.156s] Level 1:colcon.colcon_core.package_identification:_identify(src/ros1_bridge) by extensions ['colcon_meta']
[0.156s] Level 1:colcon.colcon_core.package_identification:_identify(src/ros1_bridge) by extension 'colcon_meta'
[0.156s] Level 1:colcon.colcon_core.package_identification:_identify(src/ros1_bridge) by extensions ['ros']
[0.156s] Level 1:colcon.colcon_core.package_identification:_identify(src/ros1_bridge) by extension 'ros'
[0.158s] DEBUG:colcon.colcon_core.package_identification:Package 'src/ros1_bridge' with type 'ros.ament_cmake' and name 'ros1_bridge'
[0.158s] Level 1:colcon.colcon_core.package_discovery:discover_packages(recursive) using defaults
[0.158s] Level 1:colcon.colcon_core.package_discovery:discover_packages(ignore) discover
[0.158s] Level 1:colcon.colcon_core.package_discovery:discover_packages(ignore) using defaults
[0.158s] Level 1:colcon.colcon_core.package_discovery:discover_packages(path) discover
[0.158s] Level 1:colcon.colcon_core.package_discovery:discover_packages(path) using defaults
[0.179s] Level 5:colcon.colcon_core.verb:set package 'ros1_bridge' build argument 'cmake_args' from command line to 'None'
[0.179s] Level 5:colcon.colcon_core.verb:set package 'ros1_bridge' build argument 'cmake_target' from command line to 'None'
[0.179s] Level 5:colcon.colcon_core.verb:set package 'ros1_bridge' build argument 'cmake_target_skip_unavailable' from command line to 'False'
[0.179s] Level 5:colcon.colcon_core.verb:set package 'ros1_bridge' build argument 'cmake_clean_cache' from command line to 'False'
[0.179s] Level 5:colcon.colcon_core.verb:set package 'ros1_bridge' build argument 'cmake_clean_first' from command line to 'False'
[0.179s] Level 5:colcon.colcon_core.verb:set package 'ros1_bridge' build argument 'cmake_force_configure' from command line to 'True'
[0.179s] Level 5:colcon.colcon_core.verb:set package 'ros1_bridge' build argument 'ament_cmake_args' from command line to 'None'
[0.179s] Level 5:colcon.colcon_core.verb:set package 'ros1_bridge' build argument 'catkin_cmake_args' from command line to 'None'
[0.180s] Level 5:colcon.colcon_core.verb:set package 'ros1_bridge' build argument 'catkin_skip_building_tests' from command line to 'False'
[0.180s] DEBUG:colcon.colcon_core.verb:Building package 'ros1_bridge' with the following arguments: {'ament_cmake_args': None, 'build_base': '/home/simulations/ros2_sims_ws/build/ros1_bridge', 'catkin_cmake_args': None, 'catkin_skip_building_tests': False, 'cmake_args': None, 'cmake_clean_cache': False, 'cmake_clean_first': False, 'cmake_force_configure': True, 'cmake_target': None, 'cmake_target_skip_unavailable': False, 'install_base': '/home/simulations/ros2_sims_ws/install/ros1_bridge', 'merge_install': False, 'path': '/home/simulations/ros2_sims_ws/src/ros1_bridge', 'symlink_install': True, 'test_result_base': None}
[0.180s] INFO:colcon.colcon_core.executor:Executing jobs using 'parallel' executor
[0.182s] DEBUG:colcon.colcon_parallel_executor.executor.parallel:run_until_complete
[0.182s] INFO:colcon.colcon_ros.task.ament_cmake.build:Building ROS package in '/home/simulations/ros2_sims_ws/src/ros1_bridge' with build type 'ament_cmake'
[0.182s] INFO:colcon.colcon_cmake.task.cmake.build:Building CMake package in '/home/simulations/ros2_sims_ws/src/ros1_bridge'
[0.185s] INFO:colcon.colcon_core.plugin_system:Skipping extension 'colcon_core.shell.bat': Not used on non-Windows systems
[0.185s] INFO:colcon.colcon_core.shell:Skip shell extension 'powershell' for command environment: Not usable outside of PowerShell
[0.185s] DEBUG:colcon.colcon_core.shell:Skip shell extension 'dsv' for command environment
[0.188s] DEBUG:colcon.colcon_core.shell:Ignoring prefix path '/opt/ros/foxy'
[0.188s] DEBUG:colcon.colcon_core.shell:Ignoring prefix path '/home/simulations/public_sim_ws/devel'
[0.188s] DEBUG:colcon.colcon_core.shell:Ignoring prefix path '/opt/ros/noetic'
[0.195s] DEBUG:colcon.colcon_core.event_handler.log_command:Invoking command in '/home/simulations/ros2_sims_ws/build/ros1_bridge': CMAKE_PREFIX_PATH=/opt/ros/foxy:${CMAKE_PREFIX_PATH} _=/usr/bin/env /usr/bin/cmake /home/simulations/ros2_sims_ws/src/ros1_bridge -DAMENT_CMAKE_SYMLINK_INSTALL=1 -DCMAKE_INSTALL_PREFIX=/home/simulations/ros2_sims_ws/install/ros1_bridge
[16.056s] DEBUG:colcon.colcon_core.event_handler.log_command:Invoked command in '/home/simulations/ros2_sims_ws/build/ros1_bridge' returned '0': CMAKE_PREFIX_PATH=/opt/ros/foxy:${CMAKE_PREFIX_PATH} _=/usr/bin/env /usr/bin/cmake /home/simulations/ros2_sims_ws/src/ros1_bridge -DAMENT_CMAKE_SYMLINK_INSTALL=1 -DCMAKE_INSTALL_PREFIX=/home/simulations/ros2_sims_ws/install/ros1_bridge
[16.063s] DEBUG:colcon.colcon_core.event_handler.log_command:Invoking command in '/home/simulations/ros2_sims_ws/build/ros1_bridge': CMAKE_PREFIX_PATH=/opt/ros/foxy:${CMAKE_PREFIX_PATH} _=/usr/bin/env /usr/bin/cmake --build /home/simulations/ros2_sims_ws/build/ros1_bridge -- -j48 -l48
[297.235s] DEBUG:colcon.colcon_core.event_handler.log_command:Invoked command in '/home/simulations/ros2_sims_ws/build/ros1_bridge' returned '0': CMAKE_PREFIX_PATH=/opt/ros/foxy:${CMAKE_PREFIX_PATH} _=/usr/bin/env /usr/bin/cmake --build /home/simulations/ros2_sims_ws/build/ros1_bridge -- -j48 -l48
[299.101s] DEBUG:colcon.colcon_core.event_handler.log_command:Invoking command in '/home/simulations/ros2_sims_ws/build/ros1_bridge': CMAKE_PREFIX_PATH=/opt/ros/foxy:${CMAKE_PREFIX_PATH} _=/usr/bin/env /usr/bin/cmake --install /home/simulations/ros2_sims_ws/build/ros1_bridge
[299.525s] Level 1:colcon.colcon_core.environment:create_environment_scripts_only(ros1_bridge)
[299.527s] DEBUG:colcon.colcon_core.event_handler.log_command:Invoked command in '/home/simulations/ros2_sims_ws/build/ros1_bridge' returned '0': CMAKE_PREFIX_PATH=/opt/ros/foxy:${CMAKE_PREFIX_PATH} _=/usr/bin/env /usr/bin/cmake --install /home/simulations/ros2_sims_ws/build/ros1_bridge
[299.529s] Level 1:colcon.colcon_core.environment:checking '/home/simulations/ros2_sims_ws/install/ros1_bridge' for CMake module files
[299.530s] Level 1:colcon.colcon_core.environment:checking '/home/simulations/ros2_sims_ws/install/ros1_bridge' for CMake config files
[299.531s] Level 1:colcon.colcon_core.shell:create_environment_hook('ros1_bridge', 'cmake_prefix_path')
[299.531s] INFO:colcon.colcon_core.shell:Creating environment hook '/home/simulations/ros2_sims_ws/install/ros1_bridge/share/ros1_bridge/hook/cmake_prefix_path.ps1'
[299.532s] INFO:colcon.colcon_core.shell:Creating environment descriptor '/home/simulations/ros2_sims_ws/install/ros1_bridge/share/ros1_bridge/hook/cmake_prefix_path.dsv'
[299.533s] INFO:colcon.colcon_core.shell:Creating environment hook '/home/simulations/ros2_sims_ws/install/ros1_bridge/share/ros1_bridge/hook/cmake_prefix_path.sh'
[299.534s] Level 1:colcon.colcon_core.environment:checking '/home/simulations/ros2_sims_ws/install/ros1_bridge/lib'
[299.534s] Level 1:colcon.colcon_core.shell:create_environment_hook('ros1_bridge', 'ld_library_path_lib')
[299.534s] INFO:colcon.colcon_core.shell:Creating environment hook '/home/simulations/ros2_sims_ws/install/ros1_bridge/share/ros1_bridge/hook/ld_library_path_lib.ps1'
[299.535s] INFO:colcon.colcon_core.shell:Creating environment descriptor '/home/simulations/ros2_sims_ws/install/ros1_bridge/share/ros1_bridge/hook/ld_library_path_lib.dsv'
[299.535s] INFO:colcon.colcon_core.shell:Creating environment hook '/home/simulations/ros2_sims_ws/install/ros1_bridge/share/ros1_bridge/hook/ld_library_path_lib.sh'
[299.535s] Level 1:colcon.colcon_core.environment:checking '/home/simulations/ros2_sims_ws/install/ros1_bridge/bin'
[299.535s] Level 1:colcon.colcon_core.environment:checking '/home/simulations/ros2_sims_ws/install/ros1_bridge/lib/pkgconfig/ros1_bridge.pc'
[299.535s] Level 1:colcon.colcon_core.environment:checking '/home/simulations/ros2_sims_ws/install/ros1_bridge/lib/python3.8/site-packages'
[299.535s] Level 1:colcon.colcon_core.shell:create_environment_hook('ros1_bridge', 'pythonpath')
[299.536s] INFO:colcon.colcon_core.shell:Creating environment hook '/home/simulations/ros2_sims_ws/install/ros1_bridge/share/ros1_bridge/hook/pythonpath.ps1'
[299.537s] INFO:colcon.colcon_core.shell:Creating environment descriptor '/home/simulations/ros2_sims_ws/install/ros1_bridge/share/ros1_bridge/hook/pythonpath.dsv'
[299.537s] INFO:colcon.colcon_core.shell:Creating environment hook '/home/simulations/ros2_sims_ws/install/ros1_bridge/share/ros1_bridge/hook/pythonpath.sh'
[299.538s] INFO:colcon.colcon_core.shell:Creating package script '/home/simulations/ros2_sims_ws/install/ros1_bridge/share/ros1_bridge/package.ps1'
[299.538s] INFO:colcon.colcon_core.shell:Creating package descriptor '/home/simulations/ros2_sims_ws/install/ros1_bridge/share/ros1_bridge/package.dsv'
[299.539s] INFO:colcon.colcon_core.shell:Creating package script '/home/simulations/ros2_sims_ws/install/ros1_bridge/share/ros1_bridge/package.sh'
[299.540s] INFO:colcon.colcon_core.shell:Creating package script '/home/simulations/ros2_sims_ws/install/ros1_bridge/share/ros1_bridge/package.bash'
[299.540s] INFO:colcon.colcon_core.shell:Creating package script '/home/simulations/ros2_sims_ws/install/ros1_bridge/share/ros1_bridge/package.zsh'
[299.541s] Level 1:colcon.colcon_core.environment:create_file_with_runtime_dependencies(/home/simulations/ros2_sims_ws/install/ros1_bridge/share/colcon-core/packages/ros1_bridge)
[301.409s] Level 1:colcon.colcon_core.environment:create_environment_scripts_only(ros1_bridge)
[301.410s] Level 1:colcon.colcon_core.environment:checking '/home/simulations/ros2_sims_ws/install/ros1_bridge' for CMake module files
[301.411s] Level 1:colcon.colcon_core.environment:checking '/home/simulations/ros2_sims_ws/install/ros1_bridge' for CMake config files
[301.411s] Level 1:colcon.colcon_core.shell:create_environment_hook('ros1_bridge', 'cmake_prefix_path')
[301.412s] INFO:colcon.colcon_core.shell:Creating environment hook '/home/simulations/ros2_sims_ws/install/ros1_bridge/share/ros1_bridge/hook/cmake_prefix_path.ps1'
[301.412s] INFO:colcon.colcon_core.shell:Creating environment descriptor '/home/simulations/ros2_sims_ws/install/ros1_bridge/share/ros1_bridge/hook/cmake_prefix_path.dsv'
[301.413s] INFO:colcon.colcon_core.shell:Creating environment hook '/home/simulations/ros2_sims_ws/install/ros1_bridge/share/ros1_bridge/hook/cmake_prefix_path.sh'
[301.413s] Level 1:colcon.colcon_core.environment:checking '/home/simulations/ros2_sims_ws/install/ros1_bridge/lib'
[301.413s] Level 1:colcon.colcon_core.shell:create_environment_hook('ros1_bridge', 'ld_library_path_lib')
[301.414s] INFO:colcon.colcon_core.shell:Creating environment hook '/home/simulations/ros2_sims_ws/install/ros1_bridge/share/ros1_bridge/hook/ld_library_path_lib.ps1'
[301.414s] INFO:colcon.colcon_core.shell:Creating environment descriptor '/home/simulations/ros2_sims_ws/install/ros1_bridge/share/ros1_bridge/hook/ld_library_path_lib.dsv'
[301.414s] INFO:colcon.colcon_core.shell:Creating environment hook '/home/simulations/ros2_sims_ws/install/ros1_bridge/share/ros1_bridge/hook/ld_library_path_lib.sh'
[301.415s] Level 1:colcon.colcon_core.environment:checking '/home/simulations/ros2_sims_ws/install/ros1_bridge/bin'
[301.415s] Level 1:colcon.colcon_core.environment:checking '/home/simulations/ros2_sims_ws/install/ros1_bridge/lib/pkgconfig/ros1_bridge.pc'
[301.415s] Level 1:colcon.colcon_core.environment:checking '/home/simulations/ros2_sims_ws/install/ros1_bridge/lib/python3.8/site-packages'
[301.415s] Level 1:colcon.colcon_core.shell:create_environment_hook('ros1_bridge', 'pythonpath')
[301.415s] INFO:colcon.colcon_core.shell:Creating environment hook '/home/simulations/ros2_sims_ws/install/ros1_bridge/share/ros1_bridge/hook/pythonpath.ps1'
[301.416s] INFO:colcon.colcon_core.shell:Creating environment descriptor '/home/simulations/ros2_sims_ws/install/ros1_bridge/share/ros1_bridge/hook/pythonpath.dsv'
[301.416s] INFO:colcon.colcon_core.shell:Creating environment hook '/home/simulations/ros2_sims_ws/install/ros1_bridge/share/ros1_bridge/hook/pythonpath.sh'
[301.417s] INFO:colcon.colcon_core.shell:Creating package script '/home/simulations/ros2_sims_ws/install/ros1_bridge/share/ros1_bridge/package.ps1'
[301.417s] INFO:colcon.colcon_core.shell:Creating package descriptor '/home/simulations/ros2_sims_ws/install/ros1_bridge/share/ros1_bridge/package.dsv'
[301.418s] INFO:colcon.colcon_core.shell:Creating package script '/home/simulations/ros2_sims_ws/install/ros1_bridge/share/ros1_bridge/package.sh'
[301.418s] INFO:colcon.colcon_core.shell:Creating package script '/home/simulations/ros2_sims_ws/install/ros1_bridge/share/ros1_bridge/package.bash'
[301.419s] INFO:colcon.colcon_core.shell:Creating package script '/home/simulations/ros2_sims_ws/install/ros1_bridge/share/ros1_bridge/package.zsh'
[301.419s] Level 1:colcon.colcon_core.environment:create_file_with_runtime_dependencies(/home/simulations/ros2_sims_ws/install/ros1_bridge/share/colcon-core/packages/ros1_bridge)
[301.419s] DEBUG:colcon.colcon_parallel_executor.executor.parallel:closing loop
[301.419s] DEBUG:colcon.colcon_parallel_executor.executor.parallel:loop closed
[301.420s] DEBUG:colcon.colcon_parallel_executor.executor.parallel:run_until_complete finished with '0'
[301.420s] DEBUG:colcon.colcon_core.event_reactor:joining thread
[301.425s] INFO:colcon.colcon_core.plugin_system:Skipping extension 'colcon_notification.desktop_notification.notify_send': Could not find 'notify-send'
[301.425s] INFO:colcon.colcon_core.plugin_system:Skipping extension 'colcon_notification.desktop_notification.terminal_notifier': Not used on non-Darwin systems
[301.425s] INFO:colcon.colcon_core.plugin_system:Skipping extension 'colcon_notification.desktop_notification.win32': Not used on non-Windows systems
[301.425s] INFO:colcon.colcon_notification.desktop_notification:Sending desktop notification using 'notify2'
[301.425s] DEBUG:colcon.colcon_notification.desktop_notification.notify2:Failed to initialize notify2: org.freedesktop.DBus.Error.NotSupported: Unable to autolaunch a dbus-daemon without a $DISPLAY for X11
[301.425s] DEBUG:colcon.colcon_core.event_reactor:joined thread
[301.426s] INFO:colcon.colcon_core.shell:Creating prefix script '/home/simulations/ros2_sims_ws/install/local_setup.ps1'
[301.426s] INFO:colcon.colcon_core.shell:Creating prefix util module '/home/simulations/ros2_sims_ws/install/_local_setup_util_ps1.py'
[301.427s] INFO:colcon.colcon_core.shell:Creating prefix chain script '/home/simulations/ros2_sims_ws/install/setup.ps1'
[301.429s] INFO:colcon.colcon_core.shell:Creating prefix script '/home/simulations/ros2_sims_ws/install/local_setup.sh'
[301.430s] INFO:colcon.colcon_core.shell:Creating prefix util module '/home/simulations/ros2_sims_ws/install/_local_setup_util_sh.py'
[301.430s] INFO:colcon.colcon_core.shell:Creating prefix chain script '/home/simulations/ros2_sims_ws/install/setup.sh'
[301.432s] INFO:colcon.colcon_core.shell:Creating prefix script '/home/simulations/ros2_sims_ws/install/local_setup.bash'
[301.433s] INFO:colcon.colcon_core.shell:Creating prefix chain script '/home/simulations/ros2_sims_ws/install/setup.bash'
[301.435s] INFO:colcon.colcon_core.shell:Creating prefix script '/home/simulations/ros2_sims_ws/install/local_setup.zsh'
[301.435s] INFO:colcon.colcon_core.shell:Creating prefix chain script '/home/simulations/ros2_sims_ws/install/setup.zsh'
